1603195269392	mozrunner::runner	INFO	Running command: "/Applications/Firefox.app/Contents/MacOS/firefox-bin" "-marionette" "-headless" "-foreground" "-no-remote" "-profile" "/var/folders/s2/npw1y15d2f77pyvfv516jnh00000gn/T/rust_mozprofilejLweb4"
*** You are running in headless mode.
1603195270366	mozrunner::runner	INFO	Running command: "/Applications/Firefox.app/Contents/MacOS/firefox-bin" "-marionette" "-headless" "-foreground" "-no-remote" "-profile" "/var/folders/s2/npw1y15d2f77pyvfv516jnh00000gn/T/rust_mozprofilepMHAxK"
1603195270382	mozrunner::runner	INFO	Running command: "/Applications/Firefox.app/Contents/MacOS/firefox-bin" "-marionette" "-headless" "-foreground" "-no-remote" "-profile" "/var/folders/s2/npw1y15d2f77pyvfv516jnh00000gn/T/rust_mozprofileiJ6kJy"
*** You are running in headless mode.
*** You are running in headless mode.
console.error: SearchCache: "_readCacheFile: Error reading cache file:" (new Error("", "(unknown module)"))
console.error: SearchCache: "_readCacheFile: Error reading cache file:" (new Error("", "(unknown module)"))
console.error: SearchCache: "_readCacheFile: Error reading cache file:" (new Error("", "(unknown module)"))
1603195273579	Marionette	INFO	Listening on port 63670
1603195273681	Marionette	WARN	TLS certificate errors will be ignored for this session
JavaScript error: resource://gre/modules/URIFixup.jsm, line 271: NS_ERROR_FAILURE: Should pass a non-null uri
1603195274077	Marionette	INFO	Listening on port 63691
1603195274077	Marionette	INFO	Listening on port 63701
1603195274090	Marionette	WARN	TLS certificate errors will be ignored for this session
1603195274150	Marionette	WARN	TLS certificate errors will be ignored for this session
JavaScript error: resource://gre/modules/URIFixup.jsm, line 271: NS_ERROR_FAILURE: Should pass a non-null uri
JavaScript error: resource://gre/modules/URIFixup.jsm, line 271: NS_ERROR_FAILURE: Should pass a non-null uri
console.error: Region.jsm: "Error fetching region" (new AbortError("The operation was aborted. ", (void 0), 697))
console.error: Region.jsm: "Failed to fetch region" (new Error("NO_RESULT", "resource://gre/modules/Region.jsm", 351))
console.error: Region.jsm: "Error fetching region" (new AbortError("The operation was aborted. ", (void 0), 697))
console.error: Region.jsm: "Failed to fetch region" (new Error("NO_RESULT", "resource://gre/modules/Region.jsm", 351))
console.error: Region.jsm: "Error fetching region" (new AbortError("The operation was aborted. ", (void 0), 697))
console.error: Region.jsm: "Failed to fetch region" (new Error("NO_RESULT", "resource://gre/modules/Region.jsm", 351))
1603195290033	Marionette	INFO	Stopped listening on port 63670
1603195292958	mozrunner::runner	INFO	Running command: "/Applications/Firefox.app/Contents/MacOS/firefox-bin" "-marionette" "-headless" "-foreground" "-no-remote" "-profile" "/var/folders/s2/npw1y15d2f77pyvfv516jnh00000gn/T/rust_mozprofileMkZ3iQ"
*** You are running in headless mode.
console.error: SearchCache: "_readCacheFile: Error reading cache file:" (new Error("", "(unknown module)"))
1603195295671	Marionette	INFO	Listening on port 63999
1603195295696	Marionette	WARN	TLS certificate errors will be ignored for this session
JavaScript error: resource://gre/modules/URIFixup.jsm, line 271: NS_ERROR_FAILURE: Should pass a non-null uri
1603195295984	Marionette	INFO	Stopped listening on port 63691
1603195296280	Marionette	INFO	Stopped listening on port 63701
1603195297865	mozrunner::runner	INFO	Running command: "/Applications/Firefox.app/Contents/MacOS/firefox-bin" "-marionette" "-headless" "-foreground" "-no-remote" "-profile" "/var/folders/s2/npw1y15d2f77pyvfv516jnh00000gn/T/rust_mozprofilekmC2Pd"
*** You are running in headless mode.
1603195298048	mozrunner::runner	INFO	Running command: "/Applications/Firefox.app/Contents/MacOS/firefox-bin" "-marionette" "-headless" "-foreground" "-no-remote" "-profile" "/var/folders/s2/npw1y15d2f77pyvfv516jnh00000gn/T/rust_mozprofilehlFliZ"
*** You are running in headless mode.
console.error: SearchCache: "_readCacheFile: Error reading cache file:" (new Error("", "(unknown module)"))
console.error: SearchCache: "_readCacheFile: Error reading cache file:" (new Error("", "(unknown module)"))
1603195300738	Marionette	INFO	Listening on port 64071
1603195300755	Marionette	WARN	TLS certificate errors will be ignored for this session
JavaScript error: resource://gre/modules/URIFixup.jsm, line 271: NS_ERROR_FAILURE: Should pass a non-null uri
1603195301416	Marionette	INFO	Listening on port 64083
1603195301501	Marionette	WARN	TLS certificate errors will be ignored for this session
JavaScript error: resource://gre/modules/URIFixup.jsm, line 271: NS_ERROR_FAILURE: Should pass a non-null uri
JavaScript error: https://mola01.koicdn.com/assets/forgotPassword.c6469914.chunk.js, line 1: ReferenceError: _ is not defined
1603195321013	Marionette	INFO	Stopped listening on port 64083
1603195321346	Marionette	INFO	Stopped listening on port 64071
1603195324035	mozrunner::runner	INFO	Running command: "/Applications/Firefox.app/Contents/MacOS/firefox-bin" "-marionette" "-headless" "-foreground" "-no-remote" "-profile" "/var/folders/s2/npw1y15d2f77pyvfv516jnh00000gn/T/rust_mozprofileGYGrEW"
1603195324035	mozrunner::runner	INFO	Running command: "/Applications/Firefox.app/Contents/MacOS/firefox-bin" "-marionette" "-headless" "-foreground" "-no-remote" "-profile" "/var/folders/s2/npw1y15d2f77pyvfv516jnh00000gn/T/rust_mozprofileOJxuUq"
*** You are running in headless mode.
*** You are running in headless mode.
console.error: SearchCache: "_readCacheFile: Error reading cache file:" (new Error("", "(unknown module)"))
console.error: SearchCache: "_readCacheFile: Error reading cache file:" (new Error("", "(unknown module)"))
1603195326547	Marionette	INFO	Listening on port 64331
1603195326592	Marionette	WARN	TLS certificate errors will be ignored for this session
1603195326617	Marionette	INFO	Listening on port 64332
1603195326690	Marionette	WARN	TLS certificate errors will be ignored for this session
JavaScript error: resource://gre/modules/URIFixup.jsm, line 271: NS_ERROR_FAILURE: Should pass a non-null uri
JavaScript error: resource://gre/modules/URIFixup.jsm, line 271: NS_ERROR_FAILURE: Should pass a non-null uri
1603195337310	Marionette	INFO	Stopped listening on port 63999

###!!! [Child][RunMessage] Error: Channel closing: too late to send/recv, messages will be lost

1603195338938	mozrunner::runner	INFO	Running command: "/Applications/Firefox.app/Contents/MacOS/firefox-bin" "-marionette" "-headless" "-foreground" "-no-remote" "-profile" "/var/folders/s2/npw1y15d2f77pyvfv516jnh00000gn/T/rust_mozprofileeXOcIJ"
*** You are running in headless mode.
console.error: SearchCache: "_readCacheFile: Error reading cache file:" (new Error("", "(unknown module)"))
1603195341880	Marionette	INFO	Listening on port 64510
1603195341918	Marionette	WARN	TLS certificate errors will be ignored for this session
JavaScript error: resource://gre/modules/URIFixup.jsm, line 271: NS_ERROR_FAILURE: Should pass a non-null uri
1603195348064	Marionette	INFO	Stopped listening on port 64331
1603195349835	mozrunner::runner	INFO	Running command: "/Applications/Firefox.app/Contents/MacOS/firefox-bin" "-marionette" "-headless" "-foreground" "-no-remote" "-profile" "/var/folders/s2/npw1y15d2f77pyvfv516jnh00000gn/T/rust_mozprofile0kxlKs"
*** You are running in headless mode.
console.error: SearchCache: "_readCacheFile: Error reading cache file:" (new Error("", "(unknown module)"))
1603195352041	Marionette	INFO	Listening on port 64623
1603195352133	Marionette	WARN	TLS certificate errors will be ignored for this session
JavaScript error: resource://gre/modules/URIFixup.jsm, line 271: NS_ERROR_FAILURE: Should pass a non-null uri
JavaScript warning: https://static.xx.fbcdn.net/rsrc.php/v3i0Eu4/yL/l/id_ID/9uUhEN-sUI-.js?_nc_x=Ij3Wp8lg5Kz, line 18: WebGL warning: <Create>: Can't use WebGL in headless mode (https://bugzil.la/1375585).
JavaScript warning: https://static.xx.fbcdn.net/rsrc.php/v3i0Eu4/yL/l/id_ID/9uUhEN-sUI-.js?_nc_x=Ij3Wp8lg5Kz, line 18: Failed to create WebGL context: WebGL creation failed: 
* Can't use WebGL in headless mode (https://bugzil.la/1375585).
JavaScript warning: https://static.xx.fbcdn.net/rsrc.php/v3i0Eu4/yL/l/id_ID/9uUhEN-sUI-.js?_nc_x=Ij3Wp8lg5Kz, line 18: WebGL warning: <Create>: Can't use WebGL in headless mode (https://bugzil.la/1375585).
JavaScript warning: https://static.xx.fbcdn.net/rsrc.php/v3i0Eu4/yL/l/id_ID/9uUhEN-sUI-.js?_nc_x=Ij3Wp8lg5Kz, line 18: Failed to create WebGL context: WebGL creation failed: 
* Can't use WebGL in headless mode (https://bugzil.la/1375585).
1603195362375	Marionette	INFO	Stopped listening on port 64332

###!!! [Child][MessageChannel] Error: (msgtype=0x5B0011,name=PHttpChannel::Msg___delete__) Channel closing: too late to send/recv, messages will be lost


###!!! [Child][MessageChannel] Error: (msgtype=0x6B0029,name=PNecko::Msg_RemoveRequestContext) Channel closing: too late to send/recv, messages will be lost


###!!! [Child][RunMessage] Error: Channel closing: too late to send/recv, messages will be lost

1603195366816	Marionette	INFO	Stopped listening on port 64510
1603195381149	Marionette	INFO	Stopped listening on port 64623
/Users/molatv/Documents/git/molatv-automation-web/Resources/Common/../../Webdrivers/geckodriver_0270_mac: error: Found argument '-e' which wasn't expected, or isn't valid in this context

USAGE:
    geckodriver_0270_mac -v

For more information try --help

/Users/molatv/Documents/git/molatv-automation-web/Resources/Common/../../Webdrivers/geckodriver_0270_mac: error: Found argument '-e' which wasn't expected, or isn't valid in this context

USAGE:
    geckodriver_0270_mac -v

For more information try --help

/Users/molatv/Documents/git/molatv-automation-web/Resources/Common/../../Webdrivers/geckodriver_0270_mac: error: Found argument '-e' which wasn't expected, or isn't valid in this context

USAGE:
    geckodriver_0270_mac -v

For more information try --help

/Users/molatv/Documents/git/molatv-automation-web/Resources/Common/../../Webdrivers/geckodriver_0270_mac: error: Found argument '-e' which wasn't expected, or isn't valid in this context

USAGE:
    geckodriver_0270_mac -v

For more information try --help

/Users/molatv/Documents/git/molatv-automation-web/Resources/Common/../../Webdrivers/geckodriver_0270_mac: error: Found argument '-e' which wasn't expected, or isn't valid in this context

USAGE:
    geckodriver_0270_mac -v

For more information try --help

/Users/molatv/Documents/git/molatv-automation-web/Resources/Common/../../Webdrivers/geckodriver_0270_mac: error: Found argument '-e' which wasn't expected, or isn't valid in this context

USAGE:
    geckodriver_0270_mac -v

For more information try --help

1603205670654	mozrunner::runner	INFO	Running command: "/Applications/Firefox.app/Contents/MacOS/firefox-bin" "-marionette" "-headless" "-foreground" "-no-remote" "-profile" "/var/folders/s2/npw1y15d2f77pyvfv516jnh00000gn/T/rust_mozprofile37c9bf"
*** You are running in headless mode.
console.error: SearchCache: "_readCacheFile: Error reading cache file:" (new Error("", "(unknown module)"))
1603205673582	Marionette	INFO	Listening on port 49975
1603205673624	Marionette	WARN	TLS certificate errors will be ignored for this session
JavaScript error: resource://gre/modules/URIFixup.jsm, line 271: NS_ERROR_FAILURE: Should pass a non-null uri
1603205685288	Marionette	WARN	TimedPromise timed out after 500 ms: stacktrace:
TimedPromise/<@chrome://marionette/content/sync.js:245:13
TimedPromise@chrome://marionette/content/sync.js:230:10
interaction.flushEventLoop@chrome://marionette/content/interaction.js:416:10
webdriverClickElement@chrome://marionette/content/interaction.js:182:31
1603205687388	Marionette	INFO	Stopped listening on port 49975
1603205706999	mozrunner::runner	INFO	Running command: "/Applications/Firefox.app/Contents/MacOS/firefox-bin" "-marionette" "-headless" "-foreground" "-no-remote" "-profile" "/var/folders/s2/npw1y15d2f77pyvfv516jnh00000gn/T/rust_mozprofilerBF3VE"
*** You are running in headless mode.
console.error: SearchCache: "_readCacheFile: Error reading cache file:" (new Error("", "(unknown module)"))
1603205708796	Marionette	INFO	Listening on port 50073
1603205708823	Marionette	WARN	TLS certificate errors will be ignored for this session
JavaScript error: resource://gre/modules/URIFixup.jsm, line 271: NS_ERROR_FAILURE: Should pass a non-null uri
1603205725027	Marionette	WARN	TimedPromise timed out after 500 ms: stacktrace:
TimedPromise/<@chrome://marionette/content/sync.js:245:13
TimedPromise@chrome://marionette/content/sync.js:230:10
interaction.flushEventLoop@chrome://marionette/content/interaction.js:416:10
webdriverClickElement@chrome://marionette/content/interaction.js:182:31
1603205727087	Marionette	INFO	Stopped listening on port 50073
/Users/molatv/Documents/git/molatv-automation-web/Resources/Common/../../Webdrivers/geckodriver_0270_mac: error: Found argument '-e' which wasn't expected, or isn't valid in this context

USAGE:
    geckodriver_0270_mac -v

For more information try --help

/Users/molatv/Documents/git/molatv-automation-web/Resources/Common/../../Webdrivers/geckodriver_0270_mac: error: Found argument '-e' which wasn't expected, or isn't valid in this context

USAGE:
    geckodriver_0270_mac -v

For more information try --help

/Users/molatv/Documents/git/molatv-automation-web/Resources/Common/../../Webdrivers/geckodriver_0270_mac: error: Found argument '-e' which wasn't expected, or isn't valid in this context

USAGE:
    geckodriver_0270_mac -v

For more information try --help

/Users/molatv/Documents/git/molatv-automation-web/Resources/Common/../../Webdrivers/geckodriver_0270_mac: error: Found argument '-e' which wasn't expected, or isn't valid in this context

USAGE:
    geckodriver_0270_mac -v

For more information try --help

/Users/molatv/Documents/git/molatv-automation-web/Resources/Common/../../Webdrivers/geckodriver_0270_mac: error: Found argument '-e' which wasn't expected, or isn't valid in this context

USAGE:
    geckodriver_0270_mac -v

For more information try --help

/Users/molatv/Documents/git/molatv-automation-web/Resources/Common/../../Webdrivers/geckodriver_0270_mac: error: Found argument '-e' which wasn't expected, or isn't valid in this context

USAGE:
    geckodriver_0270_mac -v

For more information try --help

/Users/molatv/Documents/git/molatv-automation-web/Resources/Common/../../Webdrivers/geckodriver_0270_mac: error: Found argument '-e' which wasn't expected, or isn't valid in this context

USAGE:
    geckodriver_0270_mac -v

For more information try --help

/Users/molatv/Documents/git/molatv-automation-web/Resources/Common/../../Webdrivers/geckodriver_0270_mac: error: Found argument '-e' which wasn't expected, or isn't valid in this context

USAGE:
    geckodriver_0270_mac -v

For more information try --help

/Users/molatv/Documents/git/molatv-automation-web/Resources/Common/../../Webdrivers/geckodriver_0270_mac: error: Found argument '-e' which wasn't expected, or isn't valid in this context

USAGE:
    geckodriver_0270_mac -v

For more information try --help

/Users/molatv/Documents/git/molatv-automation-web/Resources/Common/../../Webdrivers/geckodriver_0270_mac: error: Found argument '-e' which wasn't expected, or isn't valid in this context

USAGE:
    geckodriver_0270_mac -v

For more information try --help

1603259740976	mozrunner::runner	INFO	Running command: "/Applications/Firefox.app/Contents/MacOS/firefox-bin" "-marionette" "-foreground" "-no-remote" "-profile" "/var/folders/s2/npw1y15d2f77pyvfv516jnh00000gn/T/rust_mozprofilevxyLtZ"
console.error: SearchCache: "_readCacheFile: Error reading cache file:" (new Error("", "(unknown module)"))
1603259744043	Marionette	INFO	Listening on port 57920
1603259744128	Marionette	WARN	TLS certificate errors will be ignored for this session
JavaScript error: resource://gre/modules/URIFixup.jsm, line 271: NS_ERROR_FAILURE: Should pass a non-null uri
1603259765421	Marionette	WARN	TimedPromise timed out after 500 ms: stacktrace:
TimedPromise/<@chrome://marionette/content/sync.js:245:13
TimedPromise@chrome://marionette/content/sync.js:230:10
interaction.flushEventLoop@chrome://marionette/content/interaction.js:416:10
webdriverClickElement@chrome://marionette/content/interaction.js:182:31
1603259767480	Marionette	INFO	Stopped listening on port 57920
1603260376792	mozrunner::runner	INFO	Running command: "/Applications/Firefox.app/Contents/MacOS/firefox-bin" "-marionette" "-headless" "-foreground" "-no-remote" "-profile" "/var/folders/s2/npw1y15d2f77pyvfv516jnh00000gn/T/rust_mozprofileZzTRc7"
*** You are running in headless mode.
console.error: SearchCache: "_readCacheFile: Error reading cache file:" (new Error("", "(unknown module)"))
1603260381532	Marionette	INFO	Listening on port 60599
1603260381579	Marionette	WARN	TLS certificate errors will be ignored for this session
JavaScript error: resource://gre/modules/URIFixup.jsm, line 271: NS_ERROR_FAILURE: Should pass a non-null uri
1603260399688	Marionette	WARN	TimedPromise timed out after 500 ms: stacktrace:
TimedPromise/<@chrome://marionette/content/sync.js:245:13
TimedPromise@chrome://marionette/content/sync.js:230:10
interaction.flushEventLoop@chrome://marionette/content/interaction.js:416:10
webdriverClickElement@chrome://marionette/content/interaction.js:182:31
1603260401788	Marionette	INFO	Stopped listening on port 60599
